app/build/intermediates/manifest_merge_blame_file/debug/manifest-merger-blame-debug-report.txt
1<?xml version="1.0" encoding="utf-8"?>
2<manifest xmlns:android="http://schemas.android.com/apk/res/android"
3    package="com.otlab.here"
4    android:versionCode="1"
5    android:versionName="1.0" >
6
7    <uses-sdk
8        android:minSdkVersion="15"
8-->src\main\AndroidManifest.xml
9        android:targetSdkVersion="29" />
9-->src\main\AndroidManifest.xml
10
11    <uses-permission android:name="android.permission.INTERNET" />
11-->src\main\AndroidManifest.xml:5:5-83
11-->src\main\AndroidManifest.xml:5:22-64
12    <uses-permission android:name="android.permission.ACCESS_FINE_LOCATION" />
12-->src\main\AndroidManifest.xml:6:5-95
12-->src\main\AndroidManifest.xml:6:22-76
13    <uses-permission android:name="android.permission.ACCESS_COARSE_LOCATION" />
13-->src\main\AndroidManifest.xml:7:5-97
13-->src\main\AndroidManifest.xml:7:22-78
14
15    <application
15-->src\main\AndroidManifest.xml:9:5-35:19
16        android:allowBackup="true"
16-->src\main\AndroidManifest.xml:10:9-35
17        android:appComponentFactory="androidx.core.app.CoreComponentFactory"
17-->[androidx.core:core:1.1.0] AndroidManifest.xml:24:18-86
18        android:debuggable="true"
19        android:icon="@mipmap/ic_launcher"
19-->src\main\AndroidManifest.xml:11:9-43
20        android:label="@string/app_name"
20-->src\main\AndroidManifest.xml:12:9-41
21        android:networkSecurityConfig="@xml/network_security_config"
21-->src\main\AndroidManifest.xml:16:9-69
22        android:roundIcon="@mipmap/ic_launcher_round"
22-->src\main\AndroidManifest.xml:13:9-54
23        android:supportsRtl="true"
23-->src\main\AndroidManifest.xml:14:9-35
24        android:testOnly="true"
25        android:theme="@style/AppTheme" >
25-->src\main\AndroidManifest.xml:15:9-40
26        <meta-data
26-->src\main\AndroidManifest.xml:18:9-20:64
27            android:name="com.kakao.sdk.AppKey"
27-->src\main\AndroidManifest.xml:19:13-48
28            android:value="c8b443f8a95ce088ce4698ad84b2730b" />
28-->src\main\AndroidManifest.xml:20:13-61
29
30        <activity android:name="com.otlab.here.SplashActivity" >
30-->src\main\AndroidManifest.xml:22:9-27:20
30-->src\main\AndroidManifest.xml:22:19-49
31            <intent-filter>
31-->src\main\AndroidManifest.xml:23:13-26:29
32                <action android:name="android.intent.action.MAIN" />
32-->src\main\AndroidManifest.xml:24:17-69
32-->src\main\AndroidManifest.xml:24:25-66
33
34                <category android:name="android.intent.category.LAUNCHER" />
34-->src\main\AndroidManifest.xml:25:17-77
34-->src\main\AndroidManifest.xml:25:27-74
35            </intent-filter>
36        </activity>
37        <activity android:name="com.otlab.here.MainActivity" />
37-->src\main\AndroidManifest.xml:28:9-59
37-->src\main\AndroidManifest.xml:28:19-47
38        <activity android:name="com.otlab.here.MapActivity" />
38-->src\main\AndroidManifest.xml:29:9-58
38-->src\main\AndroidManifest.xml:29:19-46
39        <activity android:name="com.otlab.here.OptionActivity" />
39-->src\main\AndroidManifest.xml:30:9-61
39-->src\main\AndroidManifest.xml:30:19-49
40        <activity android:name="com.otlab.here.SettingActivity" />
40-->src\main\AndroidManifest.xml:31:9-62
40-->src\main\AndroidManifest.xml:31:19-50
41        <activity
41-->src\main\AndroidManifest.xml:32:9-34:68
42            android:name="com.otlab.here.SettingPopupActivity"
42-->src\main\AndroidManifest.xml:33:13-49
43            android:theme="@android:style/Theme.Dialog" />
43-->src\main\AndroidManifest.xml:34:13-56
44    </application>
45
46</manifest>